{"C:\\Users\\genil\\Documents\\projects\\boilerplates\\bo-ts-jest\\src\\App.tsx": {"path":"C:\\Users\\genil\\Documents\\projects\\boilerplates\\bo-ts-jest\\src\\App.tsx","statementMap":{"0":{"start":{"line":6,"column":28},"end":{"line":6,"column":39}},"1":{"start":{"line":8,"column":2},"end":{"line":31,"column":3}},"2":{"start":{"line":20,"column":31},"end":{"line":20,"column":61}},"3":{"start":{"line":20,"column":51},"end":{"line":20,"column":60}}},"fnMap":{"0":{"name":"App","decl":{"start":{"line":5,"column":9},"end":{"line":5,"column":12}},"loc":{"start":{"line":5,"column":15},"end":{"line":32,"column":1}},"line":5},"1":{"name":"(anonymous_1)","decl":{"start":{"line":20,"column":25},"end":{"line":20,"column":26}},"loc":{"start":{"line":20,"column":31},"end":{"line":20,"column":61}},"line":20},"2":{"name":"(anonymous_2)","decl":{"start":{"line":20,"column":40},"end":{"line":20,"column":41}},"loc":{"start":{"line":20,"column":51},"end":{"line":20,"column":60}},"line":20}},"branchMap":{},"s":{"0":0,"1":0,"2":0,"3":0},"f":{"0":0,"1":0,"2":0},"b":{}}
,"C:\\Users\\genil\\Documents\\projects\\boilerplates\\bo-ts-jest\\src\\vite-env.d.ts": {"path":"C:\\Users\\genil\\Documents\\projects\\boilerplates\\bo-ts-jest\\src\\vite-env.d.ts","statementMap":{},"fnMap":{},"branchMap":{},"s":{},"f":{},"b":{}}
,"C:\\Users\\genil\\Documents\\projects\\boilerplates\\bo-ts-jest\\src\\components\\Button\\index.tsx": {"path":"C:\\Users\\genil\\Documents\\projects\\boilerplates\\bo-ts-jest\\src\\components\\Button\\index.tsx","statementMap":{"0":{"start":{"line":3,"column":22},"end":{"line":5,"column":1}},"1":{"start":{"line":4,"column":2},"end":{"line":4,"column":27}}},"fnMap":{"0":{"name":"(anonymous_0)","decl":{"start":{"line":3,"column":22},"end":{"line":3,"column":23}},"loc":{"start":{"line":3,"column":28},"end":{"line":5,"column":1}},"line":3}},"branchMap":{},"s":{"0":1,"1":1},"f":{"0":1},"b":{},"_coverageSchema":"1a1c01bbd47fc00a2c39e90264f33305004495a9","hash":"198da9486b8b509d829cfee94a90a308e2ca4c4d"}
}
